<?xml version="1.0" encoding="UTF-8"?>
<testsuite xmlns:xsi="http://www.w3.org/2001/XMLSchema-instance" xsi:noNamespaceSchemaLocation="https://maven.apache.org/surefire/maven-surefire-plugin/xsd/surefire-test-report.xsd" name="ru.leti.TransitiveReductionsTest" time="0.026" tests="6" errors="0" skipped="0" failures="0">
  <properties>
[...]
</properties>
  <testcase name="minimal_spanning_tree" classname="ru.leti.TransitiveReductionsTest" time="0.01"/>
  <testcase name="fully_connected_graph" classname="ru.leti.TransitiveReductionsTest" time="0"/>
  <testcase name="partially_connected_graph" classname="ru.leti.TransitiveReductionsTest" time="0.001"/>
  <testcase name="cyclic_graph" classname="ru.leti.TransitiveReductionsTest" time="0.001"/>
  <testcase name="triangular_graph" classname="ru.leti.TransitiveReductionsTest" time="0"/>
  <testcase name="linear_graph" classname="ru.leti.TransitiveReductionsTest" time="0.001"/>
</testsuite>